************************************************
**  Witmem Program Tool for WTM2101 V1.4.0.0  **
**           Build Time: 2023.08.09           **
************************************************
Read Map File Start!  (2024-10-16 22:03:01)
360,380,348,382,348,380,347,380,353,378,350,381,349,378,349,377,
351,377,346,377,342,378,347,377,348,374,347,377,344,376,343,371,
6,4,4,11,-1,-1,-1,-1,-1,-1,-1,-1,-1,-1,-1,-1,
-1,-1,-1,-1,-1,-1,-1,-1,-1,-1,-1,-1,-1,-1,-1,3424,
1400,892,2,4,20,-1,0
Program Step 1 Start!  (2024-10-16 22:03:01)
Program Step 2 Start!  (2024-10-16 22:03:24)
>>>>>>20%>>>>>>40%>>>>>>60%>>>>>>80%>>>>>>100%>>
Program Step 3 Start!  (2024-10-16 22:03:40)

STAT START 0
0	1.38	0.85	1.71	0.85	4.42	0.98	0.9921
1	1.27	0.76	1.26	0.77	11.82	0.96	0.9830
2	0.85	0.59	0.77	0.63	3.31	0.90	0.9274
STAT END 0

Refine: 2/2 ...

Program Step 1 Start!  (2024-10-16 22:03:44)
Program Step 2 Start!  (2024-10-16 22:03:57)
>>>>>>20%>>>>>>40%>>>>>>60%>>>>>>80%>>>>>>100%>>
Program Step 3 Start!  (2024-10-16 22:04:12)

STAT START 1
0	1.55	0.85	1.77	0.85	7.62	1.00	0.9922
1	1.24	0.74	1.49	0.74	5.43	0.98	0.9841
2	0.87	0.59	0.74	0.62	1.18	0.94	0.9320
STAT END 1
Tag: NO TAG
Program Finished!  (2024-10-16 22:04:20)
Total program time: 79 sec.
